mode: atomic 
github.com/csc13010-student-management/internal/status/mocks/repository_mock.go:27.79,31.2 3 0
github.com/csc13010-student-management/internal/status/mocks/repository_mock.go:34.77,36.2 1 0
github.com/csc13010-student-management/internal/status/mocks/repository_mock.go:39.96,44.2 4 0
github.com/csc13010-student-management/internal/status/mocks/repository_mock.go:47.97,50.2 2 0
github.com/csc13010-student-management/internal/status/mocks/repository_mock.go:53.88,58.2 4 0
github.com/csc13010-student-management/internal/status/mocks/repository_mock.go:61.100,64.2 2 0
github.com/csc13010-student-management/internal/status/mocks/repository_mock.go:67.92,73.2 5 0
github.com/csc13010-student-management/internal/status/mocks/repository_mock.go:76.88,79.2 2 0
github.com/csc13010-student-management/internal/status/mocks/usecase_mock.go:27.73,31.2 3 0
github.com/csc13010-student-management/internal/status/mocks/usecase_mock.go:34.71,36.2 1 0
github.com/csc13010-student-management/internal/status/mocks/usecase_mock.go:39.93,44.2 4 0
github.com/csc13010-student-management/internal/status/mocks/usecase_mock.go:47.94,50.2 2 0
github.com/csc13010-student-management/internal/status/mocks/usecase_mock.go:53.78,58.2 4 0
github.com/csc13010-student-management/internal/status/mocks/usecase_mock.go:61.90,64.2 2 0
github.com/csc13010-student-management/internal/status/mocks/usecase_mock.go:67.89,73.2 5 0
github.com/csc13010-student-management/internal/status/mocks/usecase_mock.go:76.85,79.2 2 0
github.com/csc13010-student-management/internal/status/mocks/repository_mock.go:27.79,31.2 3 4
github.com/csc13010-student-management/internal/status/mocks/repository_mock.go:34.77,36.2 1 5
github.com/csc13010-student-management/internal/status/mocks/repository_mock.go:39.96,44.2 4 2
github.com/csc13010-student-management/internal/status/mocks/repository_mock.go:47.97,50.2 2 2
github.com/csc13010-student-management/internal/status/mocks/repository_mock.go:53.88,58.2 4 2
github.com/csc13010-student-management/internal/status/mocks/repository_mock.go:61.100,64.2 2 2
github.com/csc13010-student-management/internal/status/mocks/repository_mock.go:67.92,73.2 5 1
github.com/csc13010-student-management/internal/status/mocks/repository_mock.go:76.88,79.2 2 1
github.com/csc13010-student-management/internal/status/mocks/usecase_mock.go:27.73,31.2 3 0
github.com/csc13010-student-management/internal/status/mocks/usecase_mock.go:34.71,36.2 1 0
github.com/csc13010-student-management/internal/status/mocks/usecase_mock.go:39.93,44.2 4 0
github.com/csc13010-student-management/internal/status/mocks/usecase_mock.go:47.94,50.2 2 0
github.com/csc13010-student-management/internal/status/mocks/usecase_mock.go:53.78,58.2 4 0
github.com/csc13010-student-management/internal/status/mocks/usecase_mock.go:61.90,64.2 2 0
github.com/csc13010-student-management/internal/status/mocks/usecase_mock.go:67.89,73.2 5 0
github.com/csc13010-student-management/internal/status/mocks/usecase_mock.go:76.85,79.2 2 0
github.com/csc13010-student-management/internal/status/usecase/usecase.go:20.25,25.2 1 4
github.com/csc13010-student-management/internal/status/usecase/usecase.go:27.85,29.16 2 1
github.com/csc13010-student-management/internal/status/usecase/usecase.go:29.16,32.3 2 0
github.com/csc13010-student-management/internal/status/usecase/usecase.go:33.2,34.22 2 1
github.com/csc13010-student-management/internal/status/usecase/usecase.go:37.89,39.16 2 2
github.com/csc13010-student-management/internal/status/usecase/usecase.go:39.16,42.3 2 1
github.com/csc13010-student-management/internal/status/usecase/usecase.go:43.2,44.12 2 1
github.com/csc13010-student-management/internal/status/usecase/usecase.go:47.81,49.16 2 2
github.com/csc13010-student-management/internal/status/usecase/usecase.go:49.16,52.3 2 1
github.com/csc13010-student-management/internal/status/usecase/usecase.go:53.2,54.12 2 1
github.com/csc13010-student-management/internal/status/mocks/repository_mock.go:27.79,31.2 3 3
github.com/csc13010-student-management/internal/status/mocks/repository_mock.go:34.77,36.2 1 5
github.com/csc13010-student-management/internal/status/mocks/repository_mock.go:39.96,44.2 4 2
github.com/csc13010-student-management/internal/status/mocks/repository_mock.go:47.97,50.2 2 2
github.com/csc13010-student-management/internal/status/mocks/repository_mock.go:53.88,58.2 4 2
github.com/csc13010-student-management/internal/status/mocks/repository_mock.go:61.100,64.2 2 2
github.com/csc13010-student-management/internal/status/mocks/repository_mock.go:67.92,73.2 5 1
github.com/csc13010-student-management/internal/status/mocks/repository_mock.go:76.88,79.2 2 1
github.com/csc13010-student-management/internal/status/mocks/usecase_mock.go:27.73,31.2 3 0
github.com/csc13010-student-management/internal/status/mocks/usecase_mock.go:34.71,36.2 1 0
github.com/csc13010-student-management/internal/status/mocks/usecase_mock.go:39.93,44.2 4 0
github.com/csc13010-student-management/internal/status/mocks/usecase_mock.go:47.94,50.2 2 0
github.com/csc13010-student-management/internal/status/mocks/usecase_mock.go:53.78,58.2 4 0
github.com/csc13010-student-management/internal/status/mocks/usecase_mock.go:61.90,64.2 2 0
github.com/csc13010-student-management/internal/status/mocks/usecase_mock.go:67.89,73.2 5 0
github.com/csc13010-student-management/internal/status/mocks/usecase_mock.go:76.85,79.2 2 0
github.com/csc13010-student-management/internal/status/repository/repository.go:18.28,22.2 1 4
github.com/csc13010-student-management/internal/status/repository/repository.go:24.87,26.68 2 0
github.com/csc13010-student-management/internal/status/repository/repository.go:26.68,28.3 1 0
github.com/csc13010-student-management/internal/status/repository/repository.go:29.2,29.22 1 0
github.com/csc13010-student-management/internal/status/repository/repository.go:32.91,33.67 1 0
github.com/csc13010-student-management/internal/status/repository/repository.go:33.67,35.3 1 0
github.com/csc13010-student-management/internal/status/repository/repository.go:36.2,36.12 1 0
github.com/csc13010-student-management/internal/status/repository/repository.go:39.76,40.97 1 0
github.com/csc13010-student-management/internal/status/repository/repository.go:40.97,42.3 1 0
github.com/csc13010-student-management/internal/status/repository/repository.go:43.2,43.12 1 0
github.com/csc13010-student-management/internal/status/delivery/http/handlers.go:22.26,27.2 1 4
github.com/csc13010-student-management/internal/status/delivery/http/handlers.go:29.57,30.30 1 1
github.com/csc13010-student-management/internal/status/delivery/http/handlers.go:30.30,33.17 3 2
github.com/csc13010-student-management/internal/status/delivery/http/handlers.go:33.17,37.4 3 1
github.com/csc13010-student-management/internal/status/delivery/http/handlers.go:39.3,40.34 2 1
github.com/csc13010-student-management/internal/status/delivery/http/handlers.go:44.58,45.30 1 1
github.com/csc13010-student-management/internal/status/delivery/http/handlers.go:45.30,48.51 3 3
github.com/csc13010-student-management/internal/status/delivery/http/handlers.go:48.51,52.4 3 1
github.com/csc13010-student-management/internal/status/delivery/http/handlers.go:54.3,55.17 2 2
github.com/csc13010-student-management/internal/status/delivery/http/handlers.go:55.17,59.4 3 1
github.com/csc13010-student-management/internal/status/delivery/http/handlers.go:61.3,62.32 2 1
github.com/csc13010-student-management/internal/status/delivery/http/handlers.go:66.58,67.30 1 1
github.com/csc13010-student-management/internal/status/delivery/http/handlers.go:67.30,70.17 3 3
github.com/csc13010-student-management/internal/status/delivery/http/handlers.go:70.17,74.4 3 1
github.com/csc13010-student-management/internal/status/delivery/http/handlers.go:76.3,77.17 2 2
github.com/csc13010-student-management/internal/status/delivery/http/handlers.go:77.17,81.4 3 1
github.com/csc13010-student-management/internal/status/delivery/http/handlers.go:83.3,84.73 2 1
github.com/csc13010-student-management/internal/status/delivery/http/routes.go:8.76,12.2 3 0
github.com/csc13010-student-management/internal/status/mocks/repository_mock.go:27.79,31.2 3 0
github.com/csc13010-student-management/internal/status/mocks/repository_mock.go:34.77,36.2 1 0
github.com/csc13010-student-management/internal/status/mocks/repository_mock.go:39.96,44.2 4 0
github.com/csc13010-student-management/internal/status/mocks/repository_mock.go:47.97,50.2 2 0
github.com/csc13010-student-management/internal/status/mocks/repository_mock.go:53.88,58.2 4 0
github.com/csc13010-student-management/internal/status/mocks/repository_mock.go:61.100,64.2 2 0
github.com/csc13010-student-management/internal/status/mocks/repository_mock.go:67.92,73.2 5 0
github.com/csc13010-student-management/internal/status/mocks/repository_mock.go:76.88,79.2 2 0
github.com/csc13010-student-management/internal/status/mocks/usecase_mock.go:27.73,31.2 3 4
github.com/csc13010-student-management/internal/status/mocks/usecase_mock.go:34.71,36.2 1 6
github.com/csc13010-student-management/internal/status/mocks/usecase_mock.go:39.93,44.2 4 2
github.com/csc13010-student-management/internal/status/mocks/usecase_mock.go:47.94,50.2 2 2
github.com/csc13010-student-management/internal/status/mocks/usecase_mock.go:53.78,58.2 4 2
github.com/csc13010-student-management/internal/status/mocks/usecase_mock.go:61.90,64.2 2 2
github.com/csc13010-student-management/internal/status/mocks/usecase_mock.go:67.89,73.2 5 2
github.com/csc13010-student-management/internal/status/mocks/usecase_mock.go:76.85,79.2 2 2
github.com/csc13010-student-management/internal/program/mocks/repository_mock.go:27.81,31.2 3 0
github.com/csc13010-student-management/internal/program/mocks/repository_mock.go:34.79,36.2 1 0
github.com/csc13010-student-management/internal/program/mocks/repository_mock.go:39.100,44.2 4 0
github.com/csc13010-student-management/internal/program/mocks/repository_mock.go:47.100,50.2 2 0
github.com/csc13010-student-management/internal/program/mocks/repository_mock.go:53.83,58.2 4 0
github.com/csc13010-student-management/internal/program/mocks/repository_mock.go:61.95,64.2 2 0
github.com/csc13010-student-management/internal/program/mocks/repository_mock.go:67.94,73.2 5 0
github.com/csc13010-student-management/internal/program/mocks/repository_mock.go:76.89,79.2 2 0
github.com/csc13010-student-management/internal/program/mocks/usecase_mock.go:27.75,31.2 3 0
github.com/csc13010-student-management/internal/program/mocks/usecase_mock.go:34.73,36.2 1 0
github.com/csc13010-student-management/internal/program/mocks/usecase_mock.go:39.97,44.2 4 0
github.com/csc13010-student-management/internal/program/mocks/usecase_mock.go:47.97,50.2 2 0
github.com/csc13010-student-management/internal/program/mocks/usecase_mock.go:53.80,58.2 4 0
github.com/csc13010-student-management/internal/program/mocks/usecase_mock.go:61.92,64.2 2 0
github.com/csc13010-student-management/internal/program/mocks/usecase_mock.go:67.91,73.2 5 0
github.com/csc13010-student-management/internal/program/mocks/usecase_mock.go:76.86,79.2 2 0
github.com/csc13010-student-management/internal/program/mocks/repository_mock.go:27.81,31.2 3 4
github.com/csc13010-student-management/internal/program/mocks/repository_mock.go:34.79,36.2 1 6
github.com/csc13010-student-management/internal/program/mocks/repository_mock.go:39.100,44.2 4 3
github.com/csc13010-student-management/internal/program/mocks/repository_mock.go:47.100,50.2 2 3
github.com/csc13010-student-management/internal/program/mocks/repository_mock.go:53.83,58.2 4 2
github.com/csc13010-student-management/internal/program/mocks/repository_mock.go:61.95,64.2 2 2
github.com/csc13010-student-management/internal/program/mocks/repository_mock.go:67.94,73.2 5 1
github.com/csc13010-student-management/internal/program/mocks/repository_mock.go:76.89,79.2 2 1
github.com/csc13010-student-management/internal/program/mocks/usecase_mock.go:27.75,31.2 3 0
github.com/csc13010-student-management/internal/program/mocks/usecase_mock.go:34.73,36.2 1 0
github.com/csc13010-student-management/internal/program/mocks/usecase_mock.go:39.97,44.2 4 0
github.com/csc13010-student-management/internal/program/mocks/usecase_mock.go:47.97,50.2 2 0
github.com/csc13010-student-management/internal/program/mocks/usecase_mock.go:53.80,58.2 4 0
github.com/csc13010-student-management/internal/program/mocks/usecase_mock.go:61.92,64.2 2 0
github.com/csc13010-student-management/internal/program/mocks/usecase_mock.go:67.91,73.2 5 0
github.com/csc13010-student-management/internal/program/mocks/usecase_mock.go:76.86,79.2 2 0
github.com/csc13010-student-management/internal/program/usecase/usecase.go:20.27,25.2 1 4
github.com/csc13010-student-management/internal/program/usecase/usecase.go:27.87,29.16 2 1
github.com/csc13010-student-management/internal/program/usecase/usecase.go:29.16,32.3 2 0
github.com/csc13010-student-management/internal/program/usecase/usecase.go:33.2,34.22 2 1
github.com/csc13010-student-management/internal/program/usecase/usecase.go:37.93,38.58 1 3
github.com/csc13010-student-management/internal/program/usecase/usecase.go:38.58,41.3 2 2
github.com/csc13010-student-management/internal/program/usecase/usecase.go:42.2,43.12 2 1
github.com/csc13010-student-management/internal/program/usecase/usecase.go:46.76,47.53 1 2
github.com/csc13010-student-management/internal/program/usecase/usecase.go:47.53,50.3 2 1
github.com/csc13010-student-management/internal/program/usecase/usecase.go:51.2,52.12 2 1
github.com/csc13010-student-management/internal/program/mocks/repository_mock.go:27.81,31.2 3 3
github.com/csc13010-student-management/internal/program/mocks/repository_mock.go:34.79,36.2 1 6
github.com/csc13010-student-management/internal/program/mocks/repository_mock.go:39.100,44.2 4 3
github.com/csc13010-student-management/internal/program/mocks/repository_mock.go:47.100,50.2 2 3
github.com/csc13010-student-management/internal/program/mocks/repository_mock.go:53.83,58.2 4 2
github.com/csc13010-student-management/internal/program/mocks/repository_mock.go:61.95,64.2 2 2
github.com/csc13010-student-management/internal/program/mocks/repository_mock.go:67.94,73.2 5 1
github.com/csc13010-student-management/internal/program/mocks/repository_mock.go:76.89,79.2 2 1
github.com/csc13010-student-management/internal/program/mocks/usecase_mock.go:27.75,31.2 3 0
github.com/csc13010-student-management/internal/program/mocks/usecase_mock.go:34.73,36.2 1 0
github.com/csc13010-student-management/internal/program/mocks/usecase_mock.go:39.97,44.2 4 0
github.com/csc13010-student-management/internal/program/mocks/usecase_mock.go:47.97,50.2 2 0
github.com/csc13010-student-management/internal/program/mocks/usecase_mock.go:53.80,58.2 4 0
github.com/csc13010-student-management/internal/program/mocks/usecase_mock.go:61.92,64.2 2 0
github.com/csc13010-student-management/internal/program/mocks/usecase_mock.go:67.91,73.2 5 0
github.com/csc13010-student-management/internal/program/mocks/usecase_mock.go:76.86,79.2 2 0
github.com/csc13010-student-management/internal/program/repository/repository.go:16.67,18.2 1 4
github.com/csc13010-student-management/internal/program/repository/repository.go:20.90,22.69 2 0
github.com/csc13010-student-management/internal/program/repository/repository.go:22.69,24.3 1 0
github.com/csc13010-student-management/internal/program/repository/repository.go:25.2,25.22 1 0
github.com/csc13010-student-management/internal/program/repository/repository.go:28.96,30.102 2 0
github.com/csc13010-student-management/internal/program/repository/repository.go:30.102,32.3 1 0
github.com/csc13010-student-management/internal/program/repository/repository.go:33.2,33.69 1 0
github.com/csc13010-student-management/internal/program/repository/repository.go:33.69,35.3 1 0
github.com/csc13010-student-management/internal/program/repository/repository.go:36.2,36.12 1 0
github.com/csc13010-student-management/internal/program/repository/repository.go:39.79,40.99 1 0
github.com/csc13010-student-management/internal/program/repository/repository.go:40.99,42.3 1 0
github.com/csc13010-student-management/internal/program/repository/repository.go:43.2,43.12 1 0
github.com/csc13010-student-management/internal/program/delivery/http/handlers.go:22.28,27.2 1 4
github.com/csc13010-student-management/internal/program/delivery/http/handlers.go:29.58,30.30 1 1
github.com/csc13010-student-management/internal/program/delivery/http/handlers.go:30.30,33.17 3 2
github.com/csc13010-student-management/internal/program/delivery/http/handlers.go:33.17,37.4 3 1
github.com/csc13010-student-management/internal/program/delivery/http/handlers.go:39.3,40.34 2 1
github.com/csc13010-student-management/internal/program/delivery/http/handlers.go:44.60,45.30 1 1
github.com/csc13010-student-management/internal/program/delivery/http/handlers.go:45.30,48.52 3 3
github.com/csc13010-student-management/internal/program/delivery/http/handlers.go:48.52,52.4 3 1
github.com/csc13010-student-management/internal/program/delivery/http/handlers.go:54.3,55.17 2 2
github.com/csc13010-student-management/internal/program/delivery/http/handlers.go:55.17,59.4 3 1
github.com/csc13010-student-management/internal/program/delivery/http/handlers.go:61.3,62.33 2 1
github.com/csc13010-student-management/internal/program/delivery/http/handlers.go:66.60,67.30 1 1
github.com/csc13010-student-management/internal/program/delivery/http/handlers.go:67.30,70.17 3 3
github.com/csc13010-student-management/internal/program/delivery/http/handlers.go:70.17,74.4 3 1
github.com/csc13010-student-management/internal/program/delivery/http/handlers.go:76.3,77.17 2 2
github.com/csc13010-student-management/internal/program/delivery/http/handlers.go:77.17,81.4 3 1
github.com/csc13010-student-management/internal/program/delivery/http/handlers.go:83.3,84.74 2 1
github.com/csc13010-student-management/internal/program/delivery/http/routes.go:8.80,12.2 3 0
github.com/csc13010-student-management/internal/program/mocks/repository_mock.go:27.81,31.2 3 0
github.com/csc13010-student-management/internal/program/mocks/repository_mock.go:34.79,36.2 1 0
github.com/csc13010-student-management/internal/program/mocks/repository_mock.go:39.100,44.2 4 0
github.com/csc13010-student-management/internal/program/mocks/repository_mock.go:47.100,50.2 2 0
github.com/csc13010-student-management/internal/program/mocks/repository_mock.go:53.83,58.2 4 0
github.com/csc13010-student-management/internal/program/mocks/repository_mock.go:61.95,64.2 2 0
github.com/csc13010-student-management/internal/program/mocks/repository_mock.go:67.94,73.2 5 0
github.com/csc13010-student-management/internal/program/mocks/repository_mock.go:76.89,79.2 2 0
github.com/csc13010-student-management/internal/program/mocks/usecase_mock.go:27.75,31.2 3 4
github.com/csc13010-student-management/internal/program/mocks/usecase_mock.go:34.73,36.2 1 6
github.com/csc13010-student-management/internal/program/mocks/usecase_mock.go:39.97,44.2 4 2
github.com/csc13010-student-management/internal/program/mocks/usecase_mock.go:47.97,50.2 2 2
github.com/csc13010-student-management/internal/program/mocks/usecase_mock.go:53.80,58.2 4 2
github.com/csc13010-student-management/internal/program/mocks/usecase_mock.go:61.92,64.2 2 2
github.com/csc13010-student-management/internal/program/mocks/usecase_mock.go:67.91,73.2 5 2
github.com/csc13010-student-management/internal/program/mocks/usecase_mock.go:76.86,79.2 2 2
github.com/csc13010-student-management/internal/faculty/mocks/repository_mock.go:27.81,31.2 3 0
github.com/csc13010-student-management/internal/faculty/mocks/repository_mock.go:34.79,36.2 1 0
github.com/csc13010-student-management/internal/faculty/mocks/repository_mock.go:39.100,44.2 4 0
github.com/csc13010-student-management/internal/faculty/mocks/repository_mock.go:47.100,50.2 2 0
github.com/csc13010-student-management/internal/faculty/mocks/repository_mock.go:53.83,58.2 4 0
github.com/csc13010-student-management/internal/faculty/mocks/repository_mock.go:61.95,64.2 2 0
github.com/csc13010-student-management/internal/faculty/mocks/repository_mock.go:67.95,73.2 5 0
github.com/csc13010-student-management/internal/faculty/mocks/repository_mock.go:76.90,79.2 2 0
github.com/csc13010-student-management/internal/faculty/mocks/usecase_mock.go:27.75,31.2 3 0
github.com/csc13010-student-management/internal/faculty/mocks/usecase_mock.go:34.73,36.2 1 0
github.com/csc13010-student-management/internal/faculty/mocks/usecase_mock.go:39.97,44.2 4 0
github.com/csc13010-student-management/internal/faculty/mocks/usecase_mock.go:47.97,50.2 2 0
github.com/csc13010-student-management/internal/faculty/mocks/usecase_mock.go:53.80,58.2 4 0
github.com/csc13010-student-management/internal/faculty/mocks/usecase_mock.go:61.92,64.2 2 0
github.com/csc13010-student-management/internal/faculty/mocks/usecase_mock.go:67.92,73.2 5 0
github.com/csc13010-student-management/internal/faculty/mocks/usecase_mock.go:76.87,79.2 2 0
github.com/csc13010-student-management/internal/faculty/mocks/repository_mock.go:27.81,31.2 3 4
github.com/csc13010-student-management/internal/faculty/mocks/repository_mock.go:34.79,36.2 1 6
github.com/csc13010-student-management/internal/faculty/mocks/repository_mock.go:39.100,44.2 4 3
github.com/csc13010-student-management/internal/faculty/mocks/repository_mock.go:47.100,50.2 2 3
github.com/csc13010-student-management/internal/faculty/mocks/repository_mock.go:53.83,58.2 4 2
github.com/csc13010-student-management/internal/faculty/mocks/repository_mock.go:61.95,64.2 2 2
github.com/csc13010-student-management/internal/faculty/mocks/repository_mock.go:67.95,73.2 5 1
github.com/csc13010-student-management/internal/faculty/mocks/repository_mock.go:76.90,79.2 2 1
github.com/csc13010-student-management/internal/faculty/mocks/usecase_mock.go:27.75,31.2 3 0
github.com/csc13010-student-management/internal/faculty/mocks/usecase_mock.go:34.73,36.2 1 0
github.com/csc13010-student-management/internal/faculty/mocks/usecase_mock.go:39.97,44.2 4 0
github.com/csc13010-student-management/internal/faculty/mocks/usecase_mock.go:47.97,50.2 2 0
github.com/csc13010-student-management/internal/faculty/mocks/usecase_mock.go:53.80,58.2 4 0
github.com/csc13010-student-management/internal/faculty/mocks/usecase_mock.go:61.92,64.2 2 0
github.com/csc13010-student-management/internal/faculty/mocks/usecase_mock.go:67.92,73.2 5 0
github.com/csc13010-student-management/internal/faculty/mocks/usecase_mock.go:76.87,79.2 2 0
github.com/csc13010-student-management/internal/faculty/usecase/usecase.go:20.27,25.2 1 4
github.com/csc13010-student-management/internal/faculty/usecase/usecase.go:27.88,29.16 2 1
github.com/csc13010-student-management/internal/faculty/usecase/usecase.go:29.16,32.3 2 0
github.com/csc13010-student-management/internal/faculty/usecase/usecase.go:33.2,34.23 2 1
github.com/csc13010-student-management/internal/faculty/usecase/usecase.go:37.93,39.16 2 3
github.com/csc13010-student-management/internal/faculty/usecase/usecase.go:39.16,42.3 2 2
github.com/csc13010-student-management/internal/faculty/usecase/usecase.go:43.2,44.12 2 1
github.com/csc13010-student-management/internal/faculty/usecase/usecase.go:47.76,49.16 2 2
github.com/csc13010-student-management/internal/faculty/usecase/usecase.go:49.16,52.3 2 1
github.com/csc13010-student-management/internal/faculty/usecase/usecase.go:53.2,54.12 2 1
github.com/csc13010-student-management/internal/faculty/mocks/repository_mock.go:27.81,31.2 3 3
github.com/csc13010-student-management/internal/faculty/mocks/repository_mock.go:34.79,36.2 1 6
github.com/csc13010-student-management/internal/faculty/mocks/repository_mock.go:39.100,44.2 4 3
github.com/csc13010-student-management/internal/faculty/mocks/repository_mock.go:47.100,50.2 2 3
github.com/csc13010-student-management/internal/faculty/mocks/repository_mock.go:53.83,58.2 4 2
github.com/csc13010-student-management/internal/faculty/mocks/repository_mock.go:61.95,64.2 2 2
github.com/csc13010-student-management/internal/faculty/mocks/repository_mock.go:67.95,73.2 5 1
github.com/csc13010-student-management/internal/faculty/mocks/repository_mock.go:76.90,79.2 2 1
github.com/csc13010-student-management/internal/faculty/mocks/usecase_mock.go:27.75,31.2 3 0
github.com/csc13010-student-management/internal/faculty/mocks/usecase_mock.go:34.73,36.2 1 0
github.com/csc13010-student-management/internal/faculty/mocks/usecase_mock.go:39.97,44.2 4 0
github.com/csc13010-student-management/internal/faculty/mocks/usecase_mock.go:47.97,50.2 2 0
github.com/csc13010-student-management/internal/faculty/mocks/usecase_mock.go:53.80,58.2 4 0
github.com/csc13010-student-management/internal/faculty/mocks/usecase_mock.go:61.92,64.2 2 0
github.com/csc13010-student-management/internal/faculty/mocks/usecase_mock.go:67.92,73.2 5 0
github.com/csc13010-student-management/internal/faculty/mocks/usecase_mock.go:76.87,79.2 2 0
github.com/csc13010-student-management/internal/faculty/repository/repository.go:16.67,18.2 1 4
github.com/csc13010-student-management/internal/faculty/repository/repository.go:20.91,23.16 3 0
github.com/csc13010-student-management/internal/faculty/repository/repository.go:23.16,25.3 1 0
github.com/csc13010-student-management/internal/faculty/repository/repository.go:26.2,26.23 1 0
github.com/csc13010-student-management/internal/faculty/repository/repository.go:29.96,31.102 2 0
github.com/csc13010-student-management/internal/faculty/repository/repository.go:31.102,33.3 1 0
github.com/csc13010-student-management/internal/faculty/repository/repository.go:34.2,34.70 1 0
github.com/csc13010-student-management/internal/faculty/repository/repository.go:34.70,36.3 1 0
github.com/csc13010-student-management/internal/faculty/repository/repository.go:37.2,37.12 1 0
github.com/csc13010-student-management/internal/faculty/repository/repository.go:40.79,41.99 1 0
github.com/csc13010-student-management/internal/faculty/repository/repository.go:41.99,43.3 1 0
github.com/csc13010-student-management/internal/faculty/repository/repository.go:44.2,44.12 1 0
github.com/csc13010-student-management/internal/faculty/delivery/http/handlers.go:22.28,27.2 1 4
github.com/csc13010-student-management/internal/faculty/delivery/http/handlers.go:29.59,30.30 1 1
github.com/csc13010-student-management/internal/faculty/delivery/http/handlers.go:30.30,33.17 3 2
github.com/csc13010-student-management/internal/faculty/delivery/http/handlers.go:33.17,37.4 3 1
github.com/csc13010-student-management/internal/faculty/delivery/http/handlers.go:39.3,40.35 2 1
github.com/csc13010-student-management/internal/faculty/delivery/http/handlers.go:44.60,45.30 1 1
github.com/csc13010-student-management/internal/faculty/delivery/http/handlers.go:45.30,48.52 3 3
github.com/csc13010-student-management/internal/faculty/delivery/http/handlers.go:48.52,52.4 3 1
github.com/csc13010-student-management/internal/faculty/delivery/http/handlers.go:54.3,55.17 2 2
github.com/csc13010-student-management/internal/faculty/delivery/http/handlers.go:55.17,59.4 3 1
github.com/csc13010-student-management/internal/faculty/delivery/http/handlers.go:61.3,62.33 2 1
github.com/csc13010-student-management/internal/faculty/delivery/http/handlers.go:66.59,67.30 1 1
github.com/csc13010-student-management/internal/faculty/delivery/http/handlers.go:67.30,70.17 3 3
github.com/csc13010-student-management/internal/faculty/delivery/http/handlers.go:70.17,74.4 3 1
github.com/csc13010-student-management/internal/faculty/delivery/http/handlers.go:76.3,77.17 2 2
github.com/csc13010-student-management/internal/faculty/delivery/http/handlers.go:77.17,81.4 3 1
github.com/csc13010-student-management/internal/faculty/delivery/http/handlers.go:83.3,84.74 2 1
github.com/csc13010-student-management/internal/faculty/delivery/http/routes.go:8.79,12.2 3 0
github.com/csc13010-student-management/internal/faculty/mocks/repository_mock.go:27.81,31.2 3 0
github.com/csc13010-student-management/internal/faculty/mocks/repository_mock.go:34.79,36.2 1 0
github.com/csc13010-student-management/internal/faculty/mocks/repository_mock.go:39.100,44.2 4 0
github.com/csc13010-student-management/internal/faculty/mocks/repository_mock.go:47.100,50.2 2 0
github.com/csc13010-student-management/internal/faculty/mocks/repository_mock.go:53.83,58.2 4 0
github.com/csc13010-student-management/internal/faculty/mocks/repository_mock.go:61.95,64.2 2 0
github.com/csc13010-student-management/internal/faculty/mocks/repository_mock.go:67.95,73.2 5 0
github.com/csc13010-student-management/internal/faculty/mocks/repository_mock.go:76.90,79.2 2 0
github.com/csc13010-student-management/internal/faculty/mocks/usecase_mock.go:27.75,31.2 3 4
github.com/csc13010-student-management/internal/faculty/mocks/usecase_mock.go:34.73,36.2 1 6
github.com/csc13010-student-management/internal/faculty/mocks/usecase_mock.go:39.97,44.2 4 2
github.com/csc13010-student-management/internal/faculty/mocks/usecase_mock.go:47.97,50.2 2 2
github.com/csc13010-student-management/internal/faculty/mocks/usecase_mock.go:53.80,58.2 4 2
github.com/csc13010-student-management/internal/faculty/mocks/usecase_mock.go:61.92,64.2 2 2
github.com/csc13010-student-management/internal/faculty/mocks/usecase_mock.go:67.92,73.2 5 2
github.com/csc13010-student-management/internal/faculty/mocks/usecase_mock.go:76.87,79.2 2 2
github.com/csc13010-student-management/internal/student/mocks/handlers_mock.go:26.77,30.2 3 0
github.com/csc13010-student-management/internal/student/mocks/handlers_mock.go:33.75,35.2 1 0
github.com/csc13010-student-management/internal/student/mocks/handlers_mock.go:38.64,43.2 4 0
github.com/csc13010-student-management/internal/student/mocks/handlers_mock.go:46.74,49.2 2 0
github.com/csc13010-student-management/internal/student/mocks/handlers_mock.go:52.64,57.2 4 0
github.com/csc13010-student-management/internal/student/mocks/handlers_mock.go:60.74,63.2 2 0
github.com/csc13010-student-management/internal/student/mocks/handlers_mock.go:66.61,71.2 4 0
github.com/csc13010-student-management/internal/student/mocks/handlers_mock.go:74.71,77.2 2 0
github.com/csc13010-student-management/internal/student/mocks/handlers_mock.go:80.62,85.2 4 0
github.com/csc13010-student-management/internal/student/mocks/handlers_mock.go:88.72,91.2 2 0
github.com/csc13010-student-management/internal/student/mocks/handlers_mock.go:94.64,99.2 4 0
github.com/csc13010-student-management/internal/student/mocks/handlers_mock.go:102.74,105.2 2 0
github.com/csc13010-student-management/internal/student/mocks/repository_mock.go:28.81,32.2 3 0
github.com/csc13010-student-management/internal/student/mocks/repository_mock.go:35.79,37.2 1 0
github.com/csc13010-student-management/internal/student/mocks/repository_mock.go:40.100,45.2 4 0
github.com/csc13010-student-management/internal/student/mocks/repository_mock.go:48.100,51.2 2 0
github.com/csc13010-student-management/internal/student/mocks/repository_mock.go:54.103,59.2 4 0
github.com/csc13010-student-management/internal/student/mocks/repository_mock.go:62.102,65.2 2 0
github.com/csc13010-student-management/internal/student/mocks/repository_mock.go:68.94,73.2 4 0
github.com/csc13010-student-management/internal/student/mocks/repository_mock.go:76.103,79.2 2 0
github.com/csc13010-student-management/internal/student/mocks/repository_mock.go:82.130,88.2 5 0
github.com/csc13010-student-management/internal/student/mocks/repository_mock.go:91.119,94.2 2 0
github.com/csc13010-student-management/internal/student/mocks/repository_mock.go:97.91,103.2 5 0
github.com/csc13010-student-management/internal/student/mocks/repository_mock.go:106.88,109.2 2 0
github.com/csc13010-student-management/internal/student/mocks/repository_mock.go:112.121,118.2 5 0
github.com/csc13010-student-management/internal/student/mocks/repository_mock.go:121.111,124.2 2 0
github.com/csc13010-student-management/internal/student/mocks/repository_mock.go:127.94,133.2 5 0
github.com/csc13010-student-management/internal/student/mocks/repository_mock.go:136.89,139.2 2 0
github.com/csc13010-student-management/internal/student/mocks/repository_mock.go:142.100,147.2 4 0
github.com/csc13010-student-management/internal/student/mocks/repository_mock.go:150.100,153.2 2 0
github.com/csc13010-student-management/internal/student/mocks/usecase_mock.go:28.75,32.2 3 0
github.com/csc13010-student-management/internal/student/mocks/usecase_mock.go:35.73,37.2 1 0
github.com/csc13010-student-management/internal/student/mocks/usecase_mock.go:40.97,45.2 4 0
github.com/csc13010-student-management/internal/student/mocks/usecase_mock.go:48.97,51.2 2 0
github.com/csc13010-student-management/internal/student/mocks/usecase_mock.go:54.91,59.2 4 0
github.com/csc13010-student-management/internal/student/mocks/usecase_mock.go:62.100,65.2 2 0
github.com/csc13010-student-management/internal/student/mocks/usecase_mock.go:68.127,74.2 5 0
github.com/csc13010-student-management/internal/student/mocks/usecase_mock.go:77.116,80.2 2 0
github.com/csc13010-student-management/internal/student/mocks/usecase_mock.go:83.88,89.2 5 0
github.com/csc13010-student-management/internal/student/mocks/usecase_mock.go:92.85,95.2 2 0
github.com/csc13010-student-management/internal/student/mocks/usecase_mock.go:98.118,104.2 5 0
github.com/csc13010-student-management/internal/student/mocks/usecase_mock.go:107.108,110.2 2 0
github.com/csc13010-student-management/internal/student/mocks/usecase_mock.go:113.91,119.2 5 0
github.com/csc13010-student-management/internal/student/mocks/usecase_mock.go:122.86,125.2 2 0
github.com/csc13010-student-management/internal/student/mocks/usecase_mock.go:128.97,133.2 4 0
github.com/csc13010-student-management/internal/student/mocks/usecase_mock.go:136.97,139.2 2 0
github.com/csc13010-student-management/internal/student/mocks/handlers_mock.go:26.77,30.2 3 0
github.com/csc13010-student-management/internal/student/mocks/handlers_mock.go:33.75,35.2 1 0
github.com/csc13010-student-management/internal/student/mocks/handlers_mock.go:38.64,43.2 4 0
github.com/csc13010-student-management/internal/student/mocks/handlers_mock.go:46.74,49.2 2 0
github.com/csc13010-student-management/internal/student/mocks/handlers_mock.go:52.64,57.2 4 0
github.com/csc13010-student-management/internal/student/mocks/handlers_mock.go:60.74,63.2 2 0
github.com/csc13010-student-management/internal/student/mocks/handlers_mock.go:66.61,71.2 4 0
github.com/csc13010-student-management/internal/student/mocks/handlers_mock.go:74.71,77.2 2 0
github.com/csc13010-student-management/internal/student/mocks/handlers_mock.go:80.62,85.2 4 0
github.com/csc13010-student-management/internal/student/mocks/handlers_mock.go:88.72,91.2 2 0
github.com/csc13010-student-management/internal/student/mocks/handlers_mock.go:94.64,99.2 4 0
github.com/csc13010-student-management/internal/student/mocks/handlers_mock.go:102.74,105.2 2 0
github.com/csc13010-student-management/internal/student/mocks/repository_mock.go:28.81,32.2 3 6
github.com/csc13010-student-management/internal/student/mocks/repository_mock.go:35.79,37.2 1 6
github.com/csc13010-student-management/internal/student/mocks/repository_mock.go:40.100,45.2 4 1
github.com/csc13010-student-management/internal/student/mocks/repository_mock.go:48.100,51.2 2 1
github.com/csc13010-student-management/internal/student/mocks/repository_mock.go:54.103,59.2 4 0
github.com/csc13010-student-management/internal/student/mocks/repository_mock.go:62.102,65.2 2 0
github.com/csc13010-student-management/internal/student/mocks/repository_mock.go:68.94,73.2 4 1
github.com/csc13010-student-management/internal/student/mocks/repository_mock.go:76.103,79.2 2 1
github.com/csc13010-student-management/internal/student/mocks/repository_mock.go:82.130,88.2 5 1
github.com/csc13010-student-management/internal/student/mocks/repository_mock.go:91.119,94.2 2 1
github.com/csc13010-student-management/internal/student/mocks/repository_mock.go:97.91,103.2 5 1
github.com/csc13010-student-management/internal/student/mocks/repository_mock.go:106.88,109.2 2 1
github.com/csc13010-student-management/internal/student/mocks/repository_mock.go:112.121,118.2 5 0
github.com/csc13010-student-management/internal/student/mocks/repository_mock.go:121.111,124.2 2 0
github.com/csc13010-student-management/internal/student/mocks/repository_mock.go:127.94,133.2 5 1
github.com/csc13010-student-management/internal/student/mocks/repository_mock.go:136.89,139.2 2 1
github.com/csc13010-student-management/internal/student/mocks/repository_mock.go:142.100,147.2 4 1
github.com/csc13010-student-management/internal/student/mocks/repository_mock.go:150.100,153.2 2 1
github.com/csc13010-student-management/internal/student/mocks/usecase_mock.go:28.75,32.2 3 0
github.com/csc13010-student-management/internal/student/mocks/usecase_mock.go:35.73,37.2 1 0
github.com/csc13010-student-management/internal/student/mocks/usecase_mock.go:40.97,45.2 4 0
github.com/csc13010-student-management/internal/student/mocks/usecase_mock.go:48.97,51.2 2 0
github.com/csc13010-student-management/internal/student/mocks/usecase_mock.go:54.91,59.2 4 0
github.com/csc13010-student-management/internal/student/mocks/usecase_mock.go:62.100,65.2 2 0
github.com/csc13010-student-management/internal/student/mocks/usecase_mock.go:68.127,74.2 5 0
github.com/csc13010-student-management/internal/student/mocks/usecase_mock.go:77.116,80.2 2 0
github.com/csc13010-student-management/internal/student/mocks/usecase_mock.go:83.88,89.2 5 0
github.com/csc13010-student-management/internal/student/mocks/usecase_mock.go:92.85,95.2 2 0
github.com/csc13010-student-management/internal/student/mocks/usecase_mock.go:98.118,104.2 5 0
github.com/csc13010-student-management/internal/student/mocks/usecase_mock.go:107.108,110.2 2 0
github.com/csc13010-student-management/internal/student/mocks/usecase_mock.go:113.91,119.2 5 0
github.com/csc13010-student-management/internal/student/mocks/usecase_mock.go:122.86,125.2 2 0
github.com/csc13010-student-management/internal/student/mocks/usecase_mock.go:128.97,133.2 4 0
github.com/csc13010-student-management/internal/student/mocks/usecase_mock.go:136.97,139.2 2 0
github.com/csc13010-student-management/internal/student/repository/repository.go:18.67,20.2 1 4
github.com/csc13010-student-management/internal/student/repository/repository.go:23.89,25.68 2 0
github.com/csc13010-student-management/internal/student/repository/repository.go:25.68,27.3 1 0
github.com/csc13010-student-management/internal/student/repository/repository.go:28.2,28.22 1 0
github.com/csc13010-student-management/internal/student/repository/repository.go:32.98,34.2 1 0
github.com/csc13010-student-management/internal/student/repository/repository.go:37.115,39.102 2 0
github.com/csc13010-student-management/internal/student/repository/repository.go:39.102,40.45 1 0
github.com/csc13010-student-management/internal/student/repository/repository.go:40.45,42.4 1 0
github.com/csc13010-student-management/internal/student/repository/repository.go:43.3,43.18 1 0
github.com/csc13010-student-management/internal/student/repository/repository.go:45.2,45.21 1 0
github.com/csc13010-student-management/internal/student/repository/repository.go:49.124,61.16 3 0
github.com/csc13010-student-management/internal/student/repository/repository.go:61.16,62.45 1 0
github.com/csc13010-student-management/internal/student/repository/repository.go:62.45,64.4 1 0
github.com/csc13010-student-management/internal/student/repository/repository.go:65.3,65.18 1 0
github.com/csc13010-student-management/internal/student/repository/repository.go:67.2,67.24 1 0
github.com/csc13010-student-management/internal/student/repository/repository.go:71.95,73.2 1 0
github.com/csc13010-student-management/internal/student/repository/repository.go:76.95,78.2 1 0
github.com/csc13010-student-management/internal/student/repository/repository.go:81.88,83.2 1 0
github.com/csc13010-student-management/internal/student/repository/repository.go:86.86,105.35 4 0
github.com/csc13010-student-management/internal/student/repository/repository.go:105.35,106.89 1 0
github.com/csc13010-student-management/internal/student/repository/repository.go:106.89,108.4 1 0
github.com/csc13010-student-management/internal/student/repository/repository.go:111.2,111.23 1 0
github.com/csc13010-student-management/internal/student/mocks/handlers_mock.go:26.77,30.2 3 0
github.com/csc13010-student-management/internal/student/mocks/handlers_mock.go:33.75,35.2 1 0
github.com/csc13010-student-management/internal/student/mocks/handlers_mock.go:38.64,43.2 4 0
github.com/csc13010-student-management/internal/student/mocks/handlers_mock.go:46.74,49.2 2 0
github.com/csc13010-student-management/internal/student/mocks/handlers_mock.go:52.64,57.2 4 0
github.com/csc13010-student-management/internal/student/mocks/handlers_mock.go:60.74,63.2 2 0
github.com/csc13010-student-management/internal/student/mocks/handlers_mock.go:66.61,71.2 4 0
github.com/csc13010-student-management/internal/student/mocks/handlers_mock.go:74.71,77.2 2 0
github.com/csc13010-student-management/internal/student/mocks/handlers_mock.go:80.62,85.2 4 0
github.com/csc13010-student-management/internal/student/mocks/handlers_mock.go:88.72,91.2 2 0
github.com/csc13010-student-management/internal/student/mocks/handlers_mock.go:94.64,99.2 4 0
github.com/csc13010-student-management/internal/student/mocks/handlers_mock.go:102.74,105.2 2 0
github.com/csc13010-student-management/internal/student/mocks/repository_mock.go:28.81,32.2 3 8
github.com/csc13010-student-management/internal/student/mocks/repository_mock.go:35.79,37.2 1 12
github.com/csc13010-student-management/internal/student/mocks/repository_mock.go:40.100,45.2 4 2
github.com/csc13010-student-management/internal/student/mocks/repository_mock.go:48.100,51.2 2 2
github.com/csc13010-student-management/internal/student/mocks/repository_mock.go:54.103,59.2 4 0
github.com/csc13010-student-management/internal/student/mocks/repository_mock.go:62.102,65.2 2 0
github.com/csc13010-student-management/internal/student/mocks/repository_mock.go:68.94,73.2 4 2
github.com/csc13010-student-management/internal/student/mocks/repository_mock.go:76.103,79.2 2 2
github.com/csc13010-student-management/internal/student/mocks/repository_mock.go:82.130,88.2 5 2
github.com/csc13010-student-management/internal/student/mocks/repository_mock.go:91.119,94.2 2 2
github.com/csc13010-student-management/internal/student/mocks/repository_mock.go:97.91,103.2 5 2
github.com/csc13010-student-management/internal/student/mocks/repository_mock.go:106.88,109.2 2 2
github.com/csc13010-student-management/internal/student/mocks/repository_mock.go:112.121,118.2 5 0
github.com/csc13010-student-management/internal/student/mocks/repository_mock.go:121.111,124.2 2 0
github.com/csc13010-student-management/internal/student/mocks/repository_mock.go:127.94,133.2 5 2
github.com/csc13010-student-management/internal/student/mocks/repository_mock.go:136.89,139.2 2 2
github.com/csc13010-student-management/internal/student/mocks/repository_mock.go:142.100,147.2 4 2
github.com/csc13010-student-management/internal/student/mocks/repository_mock.go:150.100,153.2 2 2
github.com/csc13010-student-management/internal/student/mocks/usecase_mock.go:28.75,32.2 3 0
github.com/csc13010-student-management/internal/student/mocks/usecase_mock.go:35.73,37.2 1 0
github.com/csc13010-student-management/internal/student/mocks/usecase_mock.go:40.97,45.2 4 0
github.com/csc13010-student-management/internal/student/mocks/usecase_mock.go:48.97,51.2 2 0
github.com/csc13010-student-management/internal/student/mocks/usecase_mock.go:54.91,59.2 4 0
github.com/csc13010-student-management/internal/student/mocks/usecase_mock.go:62.100,65.2 2 0
github.com/csc13010-student-management/internal/student/mocks/usecase_mock.go:68.127,74.2 5 0
github.com/csc13010-student-management/internal/student/mocks/usecase_mock.go:77.116,80.2 2 0
github.com/csc13010-student-management/internal/student/mocks/usecase_mock.go:83.88,89.2 5 0
github.com/csc13010-student-management/internal/student/mocks/usecase_mock.go:92.85,95.2 2 0
github.com/csc13010-student-management/internal/student/mocks/usecase_mock.go:98.118,104.2 5 0
github.com/csc13010-student-management/internal/student/mocks/usecase_mock.go:107.108,110.2 2 0
github.com/csc13010-student-management/internal/student/mocks/usecase_mock.go:113.91,119.2 5 0
github.com/csc13010-student-management/internal/student/mocks/usecase_mock.go:122.86,125.2 2 0
github.com/csc13010-student-management/internal/student/mocks/usecase_mock.go:128.97,133.2 4 0
github.com/csc13010-student-management/internal/student/mocks/usecase_mock.go:136.97,139.2 2 0
github.com/csc13010-student-management/internal/student/usecase/usecase.go:21.27,26.2 1 4
github.com/csc13010-student-management/internal/student/usecase/usecase.go:28.73,31.2 2 7
github.com/csc13010-student-management/internal/student/usecase/usecase.go:33.99,35.16 2 2
github.com/csc13010-student-management/internal/student/usecase/usecase.go:35.16,37.3 1 1
github.com/csc13010-student-management/internal/student/usecase/usecase.go:38.2,39.22 2 1
github.com/csc13010-student-management/internal/student/usecase/usecase.go:42.124,44.16 2 0
github.com/csc13010-student-management/internal/student/usecase/usecase.go:44.16,46.3 1 0
github.com/csc13010-student-management/internal/student/usecase/usecase.go:47.2,48.21 2 0
github.com/csc13010-student-management/internal/student/usecase/usecase.go:51.133,53.16 2 2
github.com/csc13010-student-management/internal/student/usecase/usecase.go:53.16,55.3 1 1
github.com/csc13010-student-management/internal/student/usecase/usecase.go:56.2,56.21 1 1
github.com/csc13010-student-management/internal/student/usecase/usecase.go:59.92,60.57 1 2
github.com/csc13010-student-management/internal/student/usecase/usecase.go:60.57,62.3 1 1
github.com/csc13010-student-management/internal/student/usecase/usecase.go:63.2,64.12 2 1
github.com/csc13010-student-management/internal/student/usecase/usecase.go:67.92,68.57 1 2
github.com/csc13010-student-management/internal/student/usecase/usecase.go:68.57,70.3 1 1
github.com/csc13010-student-management/internal/student/usecase/usecase.go:71.2,72.12 2 1
github.com/csc13010-student-management/internal/student/usecase/usecase.go:75.85,76.59 1 2
github.com/csc13010-student-management/internal/student/usecase/usecase.go:76.59,78.3 1 1
github.com/csc13010-student-management/internal/student/usecase/usecase.go:79.2,80.12 2 1
github.com/csc13010-student-management/internal/student/usecase/usecase.go:83.95,85.16 2 2
github.com/csc13010-student-management/internal/student/usecase/usecase.go:85.16,87.3 1 1
github.com/csc13010-student-management/internal/student/usecase/usecase.go:88.2,89.21 2 1
github.com/csc13010-student-management/internal/student/delivery/http/handlers.go:22.28,27.2 1 4
github.com/csc13010-student-management/internal/student/delivery/http/handlers.go:30.57,31.30 1 1
github.com/csc13010-student-management/internal/student/delivery/http/handlers.go:31.30,34.17 3 2
github.com/csc13010-student-management/internal/student/delivery/http/handlers.go:34.17,38.4 3 1
github.com/csc13010-student-management/internal/student/delivery/http/handlers.go:39.3,40.34 2 1
github.com/csc13010-student-management/internal/student/delivery/http/handlers.go:45.67,46.30 1 1
github.com/csc13010-student-management/internal/student/delivery/http/handlers.go:46.30,51.17 4 2
github.com/csc13010-student-management/internal/student/delivery/http/handlers.go:51.17,55.4 3 1
github.com/csc13010-student-management/internal/student/delivery/http/handlers.go:57.3,58.33 2 1
github.com/csc13010-student-management/internal/student/delivery/http/handlers.go:63.75,64.30 1 1
github.com/csc13010-student-management/internal/student/delivery/http/handlers.go:64.30,69.17 4 2
github.com/csc13010-student-management/internal/student/delivery/http/handlers.go:69.17,73.4 3 1
github.com/csc13010-student-management/internal/student/delivery/http/handlers.go:75.3,76.33 2 1
github.com/csc13010-student-management/internal/student/delivery/http/handlers.go:81.59,82.30 1 1
github.com/csc13010-student-management/internal/student/delivery/http/handlers.go:82.30,85.52 3 3
github.com/csc13010-student-management/internal/student/delivery/http/handlers.go:85.52,89.4 3 1
github.com/csc13010-student-management/internal/student/delivery/http/handlers.go:91.3,92.17 2 2
github.com/csc13010-student-management/internal/student/delivery/http/handlers.go:92.17,96.4 3 1
github.com/csc13010-student-management/internal/student/delivery/http/handlers.go:98.3,99.38 2 1
github.com/csc13010-student-management/internal/student/delivery/http/handlers.go:104.59,105.30 1 1
github.com/csc13010-student-management/internal/student/delivery/http/handlers.go:105.30,108.17 3 3
github.com/csc13010-student-management/internal/student/delivery/http/handlers.go:108.17,112.4 3 1
github.com/csc13010-student-management/internal/student/delivery/http/handlers.go:114.3,115.52 2 2
github.com/csc13010-student-management/internal/student/delivery/http/handlers.go:115.52,119.4 3 0
github.com/csc13010-student-management/internal/student/delivery/http/handlers.go:121.3,122.17 2 2
github.com/csc13010-student-management/internal/student/delivery/http/handlers.go:122.17,126.4 3 1
github.com/csc13010-student-management/internal/student/delivery/http/handlers.go:128.3,129.33 2 1
github.com/csc13010-student-management/internal/student/delivery/http/handlers.go:136.59,137.30 1 1
github.com/csc13010-student-management/internal/student/delivery/http/handlers.go:137.30,166.17 4 2
github.com/csc13010-student-management/internal/student/delivery/http/handlers.go:166.17,170.4 3 1
github.com/csc13010-student-management/internal/student/delivery/http/handlers.go:172.3,173.74 2 1
github.com/csc13010-student-management/internal/student/delivery/http/handlers.go:177.56,178.30 1 1
github.com/csc13010-student-management/internal/student/delivery/http/handlers.go:178.30,181.17 3 2
github.com/csc13010-student-management/internal/student/delivery/http/handlers.go:181.17,185.4 3 1
github.com/csc13010-student-management/internal/student/delivery/http/handlers.go:187.3,188.33 2 1
github.com/csc13010-student-management/internal/student/delivery/http/routes.go:8.79,17.2 7 0
github.com/csc13010-student-management/internal/student/mocks/handlers_mock.go:26.77,30.2 3 0
github.com/csc13010-student-management/internal/student/mocks/handlers_mock.go:33.75,35.2 1 0
github.com/csc13010-student-management/internal/student/mocks/handlers_mock.go:38.64,43.2 4 0
github.com/csc13010-student-management/internal/student/mocks/handlers_mock.go:46.74,49.2 2 0
github.com/csc13010-student-management/internal/student/mocks/handlers_mock.go:52.64,57.2 4 0
github.com/csc13010-student-management/internal/student/mocks/handlers_mock.go:60.74,63.2 2 0
github.com/csc13010-student-management/internal/student/mocks/handlers_mock.go:66.61,71.2 4 0
github.com/csc13010-student-management/internal/student/mocks/handlers_mock.go:74.71,77.2 2 0
github.com/csc13010-student-management/internal/student/mocks/handlers_mock.go:80.62,85.2 4 0
github.com/csc13010-student-management/internal/student/mocks/handlers_mock.go:88.72,91.2 2 0
github.com/csc13010-student-management/internal/student/mocks/handlers_mock.go:94.64,99.2 4 0
github.com/csc13010-student-management/internal/student/mocks/handlers_mock.go:102.74,105.2 2 0
github.com/csc13010-student-management/internal/student/mocks/repository_mock.go:28.81,32.2 3 0
github.com/csc13010-student-management/internal/student/mocks/repository_mock.go:35.79,37.2 1 0
github.com/csc13010-student-management/internal/student/mocks/repository_mock.go:40.100,45.2 4 0
github.com/csc13010-student-management/internal/student/mocks/repository_mock.go:48.100,51.2 2 0
github.com/csc13010-student-management/internal/student/mocks/repository_mock.go:54.103,59.2 4 0
github.com/csc13010-student-management/internal/student/mocks/repository_mock.go:62.102,65.2 2 0
github.com/csc13010-student-management/internal/student/mocks/repository_mock.go:68.94,73.2 4 0
github.com/csc13010-student-management/internal/student/mocks/repository_mock.go:76.103,79.2 2 0
github.com/csc13010-student-management/internal/student/mocks/repository_mock.go:82.130,88.2 5 0
github.com/csc13010-student-management/internal/student/mocks/repository_mock.go:91.119,94.2 2 0
github.com/csc13010-student-management/internal/student/mocks/repository_mock.go:97.91,103.2 5 0
github.com/csc13010-student-management/internal/student/mocks/repository_mock.go:106.88,109.2 2 0
github.com/csc13010-student-management/internal/student/mocks/repository_mock.go:112.121,118.2 5 0
github.com/csc13010-student-management/internal/student/mocks/repository_mock.go:121.111,124.2 2 0
github.com/csc13010-student-management/internal/student/mocks/repository_mock.go:127.94,133.2 5 0
github.com/csc13010-student-management/internal/student/mocks/repository_mock.go:136.89,139.2 2 0
github.com/csc13010-student-management/internal/student/mocks/repository_mock.go:142.100,147.2 4 0
github.com/csc13010-student-management/internal/student/mocks/repository_mock.go:150.100,153.2 2 0
github.com/csc13010-student-management/internal/student/mocks/usecase_mock.go:28.75,32.2 3 8
github.com/csc13010-student-management/internal/student/mocks/usecase_mock.go:35.73,37.2 1 14
github.com/csc13010-student-management/internal/student/mocks/usecase_mock.go:40.97,45.2 4 2
github.com/csc13010-student-management/internal/student/mocks/usecase_mock.go:48.97,51.2 2 2
github.com/csc13010-student-management/internal/student/mocks/usecase_mock.go:54.91,59.2 4 2
github.com/csc13010-student-management/internal/student/mocks/usecase_mock.go:62.100,65.2 2 2
github.com/csc13010-student-management/internal/student/mocks/usecase_mock.go:68.127,74.2 5 2
github.com/csc13010-student-management/internal/student/mocks/usecase_mock.go:77.116,80.2 2 2
github.com/csc13010-student-management/internal/student/mocks/usecase_mock.go:83.88,89.2 5 2
github.com/csc13010-student-management/internal/student/mocks/usecase_mock.go:92.85,95.2 2 2
github.com/csc13010-student-management/internal/student/mocks/usecase_mock.go:98.118,104.2 5 2
github.com/csc13010-student-management/internal/student/mocks/usecase_mock.go:107.108,110.2 2 2
github.com/csc13010-student-management/internal/student/mocks/usecase_mock.go:113.91,119.2 5 2
github.com/csc13010-student-management/internal/student/mocks/usecase_mock.go:122.86,125.2 2 2
github.com/csc13010-student-management/internal/student/mocks/usecase_mock.go:128.97,133.2 4 2
github.com/csc13010-student-management/internal/student/mocks/usecase_mock.go:136.97,139.2 2 2
